<?xml version="1.0" encoding="UTF-8"?>
<testng-results ignored="0" total="1" passed="1" failed="0" skipped="0">
  <reporter-output>
  </reporter-output>
  <suite started-at="2023-09-19T10:43:35 EET" name="Default suite" finished-at="2023-09-19T10:43:40 EET" duration-ms="5302">
    <groups>
    </groups>
    <test started-at="2023-09-19T10:43:35 EET" name="Default test" finished-at="2023-09-19T10:43:40 EET" duration-ms="5302">
      <class name="HandleNewWindow">
        <test-method is-config="true" signature="this_is_before_test()[pri:0, instance:HandleNewWindow@6404f418]" started-at="2023-09-19T10:43:35 EET" name="this_is_before_test" finished-at="2023-09-19T10:43:39 EET" duration-ms="3934" status="PASS">
          <reporter-output>
          </reporter-output>
        </test-method> <!-- this_is_before_test -->
        <test-method signature="test_case_one()[pri:0, instance:HandleNewWindow@6404f418]" started-at="2023-09-19T10:43:39 EET" name="test_case_one" finished-at="2023-09-19T10:43:40 EET" duration-ms="1299" status="PASS">
          <reporter-output>
          </reporter-output>
        </test-method> <!-- test_case_one -->
      </class> <!-- HandleNewWindow -->
    </test> <!-- Default test -->
  </suite> <!-- Default suite -->
</testng-results>
